import time: self [us] | cumulative | imported package
import time:       151 |        151 | winreg
import time:       169 |        169 |   _io
import time:       100 |        100 |   marshal
import time:       360 |        360 |   nt
import time:     40285 |      40912 | _frozen_importlib_external
import time:        84 |         84 |   time
import time:      9343 |       9427 | zipimport
import time:        47 |         47 |     _codecs
import time:     13084 |      13131 |   codecs
import time:       502 |        502 |   encodings.aliases
import time:     23940 |      37572 | encodings
import time:       308 |        308 | encodings.utf_8
import time:        36 |         36 |   _codecs_cn
import time:        50 |         50 |   _multibytecodec
import time:     20542 |      20628 | encodings.gbk
import time:        39 |         39 | _signal
import time:        24 |         24 |     _abc
import time:      2630 |       2653 |   abc
import time:      2190 |       4843 | io
import time:        76 |         76 |       _stat
import time:      4267 |       4342 |     stat
import time:       595 |        595 |     _collections_abc
import time:        58 |         58 |       genericpath
import time:        82 |         82 |       _winapi
import time:      6688 |       6828 |     ntpath
import time:     10902 |      22666 |   os
import time:        72 |         72 |   _sitebuiltins
import time:        57 |         57 |   errno
import time:       457 |        457 |   encodings.utf_8_sig
import time:       189 |        189 |     __future__
import time:       207 |        207 |       importlib
import time:      4446 |       4652 |     importlib.machinery
import time:       230 |        230 |       importlib._abc
import time:       277 |        277 |       types
import time:      6465 |       6971 |     importlib.util
import time:       108 |        108 |     itertools
import time:       176 |        176 |             keyword
import time:        63 |         63 |               _operator
import time:      4356 |       4418 |             operator
import time:       293 |        293 |             reprlib
import time:       257 |        257 |             _collections
import time:     15581 |      20724 |           collections
import time:        51 |         51 |           _functools
import time:      9316 |      30090 |         functools
import time:       467 |        467 |           contextlib
import time:      1011 |       1011 |             enum
import time:        54 |         54 |               _sre
import time:       410 |        410 |                 re._constants
import time:      4358 |       4768 |               re._parser
import time:       340 |        340 |               re._casefix
import time:     12774 |      17934 |             re._compiler
import time:       211 |        211 |             copyreg
import time:     11162 |      30317 |           re
import time:        70 |         70 |               posix
import time:       160 |        160 |               posix
import time:      7633 |       7862 |             posixpath
import time:      3056 |      10918 |           fnmatch
import time:     10387 |      52087 |         glob
import time:      6572 |      88749 |       pathlib._abc
import time:       292 |        292 |         warnings
import time:        83 |         83 |         pwd
import time:        79 |         79 |         grp
import time:      9926 |      10378 |       pathlib._local
import time:      6901 |     106027 |     pathlib
import time:     19870 |     137815 |   __editable___grrhs_0_1_0_finder
import time:       286 |        286 |   _distutils_hack
import time:       144 |        144 |   sitecustomize
import time:        89 |         89 |   usercustomize
import time:     28142 |     189725 | site
import time:       603 |        603 |     grrhs
import time:      3477 |       4079 |   grrhs.models
import time:       193 |        193 |     concurrent
import time:       195 |        195 |           linecache
import time:       645 |        645 |           textwrap
import time:       303 |        303 |           _colorize
import time:     11263 |      12405 |         traceback
import time:       230 |        230 |           _weakrefset
import time:      5155 |       5384 |         weakref
import time:        32 |         32 |           _string
import time:      4560 |       4592 |         string
import time:       467 |        467 |         threading
import time:        31 |         31 |         atexit
import time:     17190 |      40067 |       logging
import time:      2982 |      43048 |     concurrent.futures._base
import time:      7267 |      50507 |   concurrent.futures
import time:        34 |         34 |         _heapq
import time:      3462 |       3496 |       heapq
import time:      1279 |       1279 |       _queue
import time:      5916 |      10690 |     queue
import time:       304 |        304 |           signal
import time:      4680 |       4984 |         multiprocessing.process
import time:        49 |         49 |               _struct
import time:      4095 |       4144 |             struct
import time:       270 |        270 |             _compat_pickle
import time:        80 |         80 |             _pickle
import time:     13119 |      17611 |           pickle
import time:      1724 |       1724 |             _socket
import time:        51 |         51 |               math
import time:       500 |        500 |               select
import time:      8686 |       9236 |             selectors
import time:      8178 |      19138 |           socket
import time:      5501 |      42248 |         multiprocessing.reduction
import time:     10259 |      57491 |       multiprocessing.context
import time:      3479 |      60969 |     multiprocessing
import time:        60 |         60 |           zlib
import time:       232 |        232 |             _compression
import time:       610 |        610 |             _bz2
import time:      7569 |       8409 |           bz2
import time:       833 |        833 |             _lzma
import time:      5487 |       6320 |           lzma
import time:      9276 |      24064 |         shutil
import time:        27 |         27 |             _bisect
import time:      5368 |       5395 |           bisect
import time:        39 |         39 |           _random
import time:      5985 |      11417 |         random
import time:      6396 |      41877 |       tempfile
import time:        39 |         39 |             _locale
import time:      3577 |       3615 |           locale
import time:       158 |        158 |           fcntl
import time:        44 |         44 |           msvcrt
import time:     10280 |      14095 |         subprocess
import time:      4405 |      18500 |       multiprocessing.util
import time:       925 |        925 |       _multiprocessing
import time:     10866 |      72167 |     multiprocessing.connection
import time:       303 |        303 |     multiprocessing.queues
import time:     14387 |     158514 |   concurrent.futures.process
import time:       255 |        255 |     copy
import time:       638 |        638 |         _ast
import time:      3926 |       4563 |       ast
import time:        34 |         34 |           _opcode
import time:       264 |        264 |           _opcode_metadata
import time:      6958 |       7255 |         opcode
import time:      3706 |      10961 |       dis
import time:       209 |        209 |         token
import time:        34 |         34 |         _tokenize
import time:      7162 |       7404 |       tokenize
import time:     10934 |      33860 |     inspect
import time:      7648 |      41763 |   dataclasses
import time:        30 |         30 |     _typing
import time:      5792 |       5821 |   typing
import time:       211 |        211 |     numpy.version
import time:       165 |        165 |     numpy._expired_attrs_2_0
import time:       196 |        196 |         numpy._utils._convertions
import time:      5484 |       5679 |       numpy._utils
import time:      2954 |       8633 |     numpy._globals
import time:        34 |         34 |       numpy._distributor_init_local
import time:      5547 |       5580 |     numpy._distributor_init
import time:        82 |         82 |                 _datetime
import time:      4424 |       4505 |               datetime
import time:       237 |        237 |               numpy.exceptions
import time:       263 |        263 |               numpy._core._exceptions
import time:        26 |         26 |                   _contextvars
import time:      6201 |       6226 |                 contextvars
import time:      3304 |       9530 |               numpy._core.printoptions
import time:       329 |        329 |               numpy.dtypes
import time:     23914 |      38775 |             numpy._core._multiarray_umath
import time:       194 |        194 |               numpy._utils._inspect
import time:      3975 |       4168 |             numpy._core.overrides
import time:     13686 |      56629 |           numpy._core.multiarray
import time:       219 |        219 |           numpy._core.umath
import time:       312 |        312 |             numbers
import time:       209 |        209 |             numpy._core._dtype
import time:       302 |        302 |             numpy._core._string_helpers
import time:       309 |        309 |             numpy._core._type_aliases
import time:     15055 |      16185 |           numpy._core.numerictypes
import time:       195 |        195 |                   numpy._core._methods
import time:      5345 |       5539 |                 numpy._core.fromnumeric
import time:      5925 |      11464 |               numpy._core.shape_base
import time:       216 |        216 |               numpy._core._ufunc_config
import time:       175 |        175 |               numpy._core._asarray
import time:       477 |        477 |               numpy._core.arrayprint
import time:     17045 |      29375 |             numpy._core.numeric
import time:      3991 |      33365 |           numpy._core.einsumfunc
import time:       273 |        273 |           numpy._core.function_base
import time:       261 |        261 |           numpy._core.getlimits
import time:       209 |        209 |           numpy._core.memmap
import time:       320 |        320 |           numpy._core.records
import time:      3597 |       3597 |           numpy._core._add_newdocs
import time:       510 |        510 |           numpy._core._add_newdocs_scalars
import time:       185 |        185 |           numpy._core._dtype_ctypes
import time:       575 |        575 |               sysconfig
import time:      3220 |       3220 |               _ctypes
import time:       301 |        301 |               ctypes._endian
import time:     11497 |      15592 |             ctypes
import time:      4516 |      20108 |           numpy._core._internal
import time:       191 |        191 |           numpy._pytesttester
import time:     52265 |     184310 |         numpy._core
import time:      3247 |     187557 |       numpy._core._multiarray_umath
import time:      3892 |     191448 |     numpy.__config__
import time:       194 |        194 |                       numpy._typing._nbit_base
import time:       263 |        263 |                       numpy._typing._nested_sequence
import time:       157 |        157 |                       numpy._typing._shape
import time:     15629 |      16242 |                     numpy._typing._array_like
import time:      1140 |       1140 |                     numpy._typing._char_codes
import time:      1300 |       1300 |                     numpy._typing._dtype_like
import time:       174 |        174 |                     numpy._typing._nbit
import time:       173 |        173 |                     numpy._typing._scalars
import time:       154 |        154 |                     numpy._typing._ufunc
import time:     29160 |      48341 |                   numpy._typing
import time:       242 |        242 |                     numpy.lib._stride_tricks_impl
import time:      6093 |       6334 |                   numpy.lib._twodim_base_impl
import time:       145 |        145 |                     numpy.lib._array_utils_impl
import time:      6059 |       6204 |                   numpy.lib.array_utils
import time:       344 |        344 |                   numpy.linalg._umath_linalg
import time:     18515 |      79736 |                 numpy.linalg._linalg
import time:      4326 |      84062 |               numpy.linalg
import time:      4515 |      88576 |             numpy.matrixlib.defmatrix
import time:      3893 |      92469 |           numpy.matrixlib
import time:       258 |        258 |             numpy.lib._histograms_impl
import time:      4834 |       5092 |           numpy.lib._function_base_impl
import time:      8341 |     105901 |         numpy.lib._index_tricks_impl
import time:      4185 |     110085 |       numpy.lib._arraypad_impl
import time:       536 |        536 |       numpy.lib._arraysetops_impl
import time:       196 |        196 |       numpy.lib._arrayterator_impl
import time:       375 |        375 |       numpy.lib._nanfunctions_impl
import time:      1149 |       1149 |                 _wmi
import time:      3744 |       4893 |               platform
import time:      3198 |       8090 |             numpy.lib._utils_impl
import time:      4310 |      12399 |           numpy.lib._format_impl
import time:      3856 |      16255 |         numpy.lib.format
import time:       269 |        269 |         numpy.lib._datasource
import time:       346 |        346 |         numpy.lib._iotools
import time:     10548 |      27416 |       numpy.lib._npyio_impl
import time:       212 |        212 |           numpy.lib._ufunclike_impl
import time:      4876 |       5088 |         numpy.lib._type_check_impl
import time:      4361 |       9449 |       numpy.lib._polynomial_impl
import time:       329 |        329 |       numpy.lib._shape_base_impl
import time:       220 |        220 |       numpy.lib._version
import time:       148 |        148 |       numpy.lib.introspect
import time:       212 |        212 |       numpy.lib.mixins
import time:       191 |        191 |       numpy.lib.npyio
import time:       252 |        252 |         numpy.lib._scimath_impl
import time:      4165 |       4417 |       numpy.lib.scimath
import time:       305 |        305 |       numpy.lib.stride_tricks
import time:     50828 |     204700 |     numpy.lib
import time:       193 |        193 |     numpy._array_api_info
import time:     25899 |     436827 |   numpy
import time:       466 |        466 |         numpy.random._common
import time:        70 |         70 |             binascii
import time:      4957 |       5027 |           base64
import time:      2070 |       2070 |             _hashlib
import time:        48 |         48 |               _blake2
import time:      3786 |       3834 |             hashlib
import time:      6732 |      12635 |           hmac
import time:      7161 |      24822 |         secrets
import time:      6581 |      31868 |       numpy.random.bit_generator
import time:      4021 |      35888 |     numpy.random._bounded_integers
import time:       277 |        277 |         numpy.random._pcg64
import time:      5091 |       5367 |       numpy.random._generator
import time:       226 |        226 |       numpy.random._mt19937
import time:       357 |        357 |       numpy.random._philox
import time:       251 |        251 |       numpy.random._sfc64
import time:      1438 |       1438 |       numpy.random.mtrand
import time:     18872 |      26509 |     numpy.random._pickle
import time:      7132 |      69528 |   numpy.random
import time:       379 |        379 |       scipy.__config__
import time:       159 |        159 |       scipy.version
import time:        45 |         45 |         scipy._distributor_init_local
import time:      4159 |       4203 |       scipy._distributor_init
import time:        82 |         82 |           cython
import time:        32 |         32 |           _sysconfig
import time:      7086 |       7199 |         scipy._lib._testutils
import time:      3468 |      10667 |       scipy._lib
import time:      1026 |       1026 |       scipy._lib._pep440
import time:       280 |        280 |           scipy._cyutility
import time:      3869 |       4149 |         scipy._lib._ccallback_c
import time:      3947 |       8096 |       scipy._lib._ccallback
import time:     20299 |      44826 |     scipy
import time:      1560 |       1560 |         scipy.linalg._fblas
import time:        43 |         43 |         scipy.linalg._cblas
import time:      8036 |       9639 |       scipy.linalg.blas
import time:       765 |        765 |         scipy.linalg._flapack
import time:        42 |         42 |         scipy.linalg._clapack
import time:      8071 |       8878 |       scipy.linalg.lapack
import time:      7586 |      26102 |     scipy.linalg._misc
import time:      1162 |       1162 |       scipy.linalg.cython_lapack
import time:       344 |        344 |             numpy._typing._add_docstring
import time:      4125 |       4469 |           numpy.typing
import time:       677 |        677 |                 scipy._lib.array_api_compat.common._typing
import time:      5942 |       6618 |               scipy._lib.array_api_compat.common._helpers
import time:      5109 |      11726 |             scipy._lib.array_api_compat.common
import time:      5495 |      17221 |           scipy._lib.array_api_compat
import time:       177 |        177 |             scipy._lib.array_api_compat._internal
import time:       352 |        352 |               numpy.ctypeslib._ctypeslib
import time:      5956 |       6308 |             numpy.ctypeslib
import time:       224 |        224 |                   unittest.util
import time:      5818 |       6041 |                 unittest.result
import time:       498 |        498 |                   difflib
import time:       324 |        324 |                   pprint
import time:      7971 |       8792 |                 unittest.case
import time:       255 |        255 |                 unittest.suite
import time:      2235 |       2235 |                 unittest.loader
import time:       496 |        496 |                     gettext
import time:      4099 |       4594 |                   argparse
import time:       173 |        173 |                     unittest.signals
import time:      5679 |       5851 |                   unittest.runner
import time:      6783 |      17227 |                 unittest.main
import time:     18308 |      52856 |               unittest
import time:       216 |        216 |               numpy.testing._private
import time:       165 |        165 |               numpy.testing.overrides
import time:       232 |        232 |               numpy.testing._private.extbuild
import time:        39 |         39 |                 gc
import time:        37 |         37 |                         _json
import time:      4330 |       4366 |                       json.scanner
import time:      4115 |       8480 |                     json.decoder
import time:       337 |        337 |                     json.encoder
import time:      8382 |      17198 |                   json
import time:       260 |        260 |                   email
import time:       210 |        210 |                       zipfile._path.glob
import time:      7613 |       7823 |                     zipfile._path
import time:      4099 |      11922 |                   zipfile
import time:       283 |        283 |                   importlib.metadata._meta
import time:       532 |        532 |                   importlib.metadata._collections
import time:       157 |        157 |                   importlib.metadata._functools
import time:       149 |        149 |                   importlib.metadata._itertools
import time:       312 |        312 |                         importlib.resources.abc
import time:      5051 |       5363 |                       importlib.resources._common
import time:       168 |        168 |                       importlib.resources._functional
import time:     10977 |      16507 |                     importlib.resources
import time:      4191 |      20698 |                   importlib.abc
import time:     34194 |      85390 |                 importlib.metadata
