import _frozen_importlib # frozen
import _imp # builtin
import '_thread' # <class '_frozen_importlib.BuiltinImporter'>
import '_warnings' # <class '_frozen_importlib.BuiltinImporter'>
import '_weakref' # <class '_frozen_importlib.BuiltinImporter'>
import 'winreg' # <class '_frozen_importlib.BuiltinImporter'>
import '_io' # <class '_frozen_importlib.BuiltinImporter'>
import 'marshal' # <class '_frozen_importlib.BuiltinImporter'>
import 'nt' # <class '_frozen_importlib.BuiltinImporter'>
import '_frozen_importlib_external' # <class '_frozen_importlib.FrozenImporter'>
# installing zipimport hook
import 'time' # <class '_frozen_importlib.BuiltinImporter'>
import 'zipimport' # <class '_frozen_importlib.FrozenImporter'>
# installed zipimport hook
# D:\python\Lib\encodings\__pycache__\__init__.cpython-313.pyc matches D:\python\Lib\encodings\__init__.py
# code object from 'D:\\python\\Lib\\encodings\\__pycache__\\__init__.cpython-313.pyc'
import '_codecs' # <class '_frozen_importlib.BuiltinImporter'>
import 'codecs' # <class '_frozen_importlib.FrozenImporter'>
# D:\python\Lib\encodings\__pycache__\aliases.cpython-313.pyc matches D:\python\Lib\encodings\aliases.py
# code object from 'D:\\python\\Lib\\encodings\\__pycache__\\aliases.cpython-313.pyc'
import 'encodings.aliases' # <_frozen_importlib_external.SourceFileLoader object at 0x00000290B1DCA350>
import 'encodings' # <_frozen_importlib_external.SourceFileLoader object at 0x00000290B1D45400>
# D:\python\Lib\encodings\__pycache__\utf_8.cpython-313.pyc matches D:\python\Lib\encodings\utf_8.py
# code object from 'D:\\python\\Lib\\encodings\\__pycache__\\utf_8.cpython-313.pyc'
import 'encodings.utf_8' # <_frozen_importlib_external.SourceFileLoader object at 0x00000290B1DCA490>
# D:\python\Lib\encodings\__pycache__\gbk.cpython-313.pyc matches D:\python\Lib\encodings\gbk.py
# code object from 'D:\\python\\Lib\\encodings\\__pycache__\\gbk.cpython-313.pyc'
import '_codecs_cn' # <class '_frozen_importlib.BuiltinImporter'>
import '_multibytecodec' # <class '_frozen_importlib.BuiltinImporter'>
import 'encodings.gbk' # <_frozen_importlib_external.SourceFileLoader object at 0x00000290B1DB9CD0>
import '_signal' # <class '_frozen_importlib.BuiltinImporter'>
import '_abc' # <class '_frozen_importlib.BuiltinImporter'>
import 'abc' # <class '_frozen_importlib.FrozenImporter'>
import 'io' # <class '_frozen_importlib.FrozenImporter'>
import '_stat' # <class '_frozen_importlib.BuiltinImporter'>
import 'stat' # <class '_frozen_importlib.FrozenImporter'>
import '_collections_abc' # <class '_frozen_importlib.FrozenImporter'>
import 'genericpath' # <class '_frozen_importlib.FrozenImporter'>
import '_winapi' # <class '_frozen_importlib.BuiltinImporter'>
import 'ntpath' # <class '_frozen_importlib.FrozenImporter'>
import 'os' # <class '_frozen_importlib.FrozenImporter'>
import '_sitebuiltins' # <class '_frozen_importlib.FrozenImporter'>
import 'errno' # <class '_frozen_importlib.BuiltinImporter'>
Processing user site-packages
Processing global site-packages
Adding directory: 'D:\\python'
Adding directory: 'D:\\python\\Lib\\site-packages'
Processing .pth file: 'D:\\python\\Lib\\site-packages\\__editable__.grrhs-0.1.0.pth'
# D:\python\Lib\encodings\__pycache__\utf_8_sig.cpython-313.pyc matches D:\python\Lib\encodings\utf_8_sig.py
# code object from 'D:\\python\\Lib\\encodings\\__pycache__\\utf_8_sig.cpython-313.pyc'
import 'encodings.utf_8_sig' # <_frozen_importlib_external.SourceFileLoader object at 0x00000290B1DBA2C0>
# D:\python\Lib\site-packages\__pycache__\__editable___grrhs_0_1_0_finder.cpython-313.pyc matches D:\python\Lib\site-packages\__editable___grrhs_0_1_0_finder.py
# code object from 'D:\\python\\Lib\\site-packages\\__pycache__\\__editable___grrhs_0_1_0_finder.cpython-313.pyc'
# D:\python\Lib\__pycache__\__future__.cpython-313.pyc matches D:\python\Lib\__future__.py
# code object from 'D:\\python\\Lib\\__pycache__\\__future__.cpython-313.pyc'
import '__future__' # <_frozen_importlib_external.SourceFileLoader object at 0x00000290B1D9DE10>
# D:\python\Lib\importlib\__pycache__\__init__.cpython-313.pyc matches D:\python\Lib\importlib\__init__.py
# code object from 'D:\\python\\Lib\\importlib\\__pycache__\\__init__.cpython-313.pyc'
import 'importlib' # <_frozen_importlib_external.SourceFileLoader object at 0x00000290B1E75040>
import 'importlib.machinery' # <class '_frozen_importlib.FrozenImporter'>
# D:\python\Lib\importlib\__pycache__\_abc.cpython-313.pyc matches D:\python\Lib\importlib\_abc.py
# code object from 'D:\\python\\Lib\\importlib\\__pycache__\\_abc.cpython-313.pyc'
import 'importlib._abc' # <_frozen_importlib_external.SourceFileLoader object at 0x00000290B1E57550>
# D:\python\Lib\__pycache__\types.cpython-313.pyc matches D:\python\Lib\types.py
# code object from 'D:\\python\\Lib\\__pycache__\\types.cpython-313.pyc'
import 'types' # <_frozen_importlib_external.SourceFileLoader object at 0x00000290B1E57650>
import 'importlib.util' # <class '_frozen_importlib.FrozenImporter'>
import 'itertools' # <class '_frozen_importlib.BuiltinImporter'>
# D:\python\Lib\pathlib\__pycache__\__init__.cpython-313.pyc matches D:\python\Lib\pathlib\__init__.py
# code object from 'D:\\python\\Lib\\pathlib\\__pycache__\\__init__.cpython-313.pyc'
# D:\python\Lib\pathlib\__pycache__\_abc.cpython-313.pyc matches D:\python\Lib\pathlib\_abc.py
# code object from 'D:\\python\\Lib\\pathlib\\__pycache__\\_abc.cpython-313.pyc'
# D:\python\Lib\__pycache__\functools.cpython-313.pyc matches D:\python\Lib\functools.py
# code object from 'D:\\python\\Lib\\__pycache__\\functools.cpython-313.pyc'
# D:\python\Lib\collections\__pycache__\__init__.cpython-313.pyc matches D:\python\Lib\collections\__init__.py
# code object from 'D:\\python\\Lib\\collections\\__pycache__\\__init__.cpython-313.pyc'
# D:\python\Lib\__pycache__\keyword.cpython-313.pyc matches D:\python\Lib\keyword.py
# code object from 'D:\\python\\Lib\\__pycache__\\keyword.cpython-313.pyc'
import 'keyword' # <_frozen_importlib_external.SourceFileLoader object at 0x00000290B1E732B0>
# D:\python\Lib\__pycache__\operator.cpython-313.pyc matches D:\python\Lib\operator.py
# code object from 'D:\\python\\Lib\\__pycache__\\operator.cpython-313.pyc'
import '_operator' # <class '_frozen_importlib.BuiltinImporter'>
import 'operator' # <_frozen_importlib_external.SourceFileLoader object at 0x00000290B1D56750>
# D:\python\Lib\__pycache__\reprlib.cpython-313.pyc matches D:\python\Lib\reprlib.py
# code object from 'D:\\python\\Lib\\__pycache__\\reprlib.cpython-313.pyc'
import 'reprlib' # <_frozen_importlib_external.SourceFileLoader object at 0x00000290B1D57110>
import '_collections' # <class '_frozen_importlib.BuiltinImporter'>
import 'collections' # <_frozen_importlib_external.SourceFileLoader object at 0x00000290B1E9A5F0>
import '_functools' # <class '_frozen_importlib.BuiltinImporter'>
import 'functools' # <_frozen_importlib_external.SourceFileLoader object at 0x00000290B1E9A270>
# D:\python\Lib\__pycache__\glob.cpython-313.pyc matches D:\python\Lib\glob.py
# code object from 'D:\\python\\Lib\\__pycache__\\glob.cpython-313.pyc'
# D:\python\Lib\__pycache__\contextlib.cpython-313.pyc matches D:\python\Lib\contextlib.py
# code object from 'D:\\python\\Lib\\__pycache__\\contextlib.cpython-313.pyc'
import 'contextlib' # <_frozen_importlib_external.SourceFileLoader object at 0x00000290B20281B0>
# D:\python\Lib\re\__pycache__\__init__.cpython-313.pyc matches D:\python\Lib\re\__init__.py
# code object from 'D:\\python\\Lib\\re\\__pycache__\\__init__.cpython-313.pyc'
# D:\python\Lib\__pycache__\enum.cpython-313.pyc matches D:\python\Lib\enum.py
# code object from 'D:\\python\\Lib\\__pycache__\\enum.cpython-313.pyc'
import 'enum' # <_frozen_importlib_external.SourceFileLoader object at 0x00000290B1F0EA30>
# D:\python\Lib\re\__pycache__\_compiler.cpython-313.pyc matches D:\python\Lib\re\_compiler.py
# code object from 'D:\\python\\Lib\\re\\__pycache__\\_compiler.cpython-313.pyc'
import '_sre' # <class '_frozen_importlib.BuiltinImporter'>
# D:\python\Lib\re\__pycache__\_parser.cpython-313.pyc matches D:\python\Lib\re\_parser.py
# code object from 'D:\\python\\Lib\\re\\__pycache__\\_parser.cpython-313.pyc'
# D:\python\Lib\re\__pycache__\_constants.cpython-313.pyc matches D:\python\Lib\re\_constants.py
# code object from 'D:\\python\\Lib\\re\\__pycache__\\_constants.cpython-313.pyc'
import 're._constants' # <_frozen_importlib_external.SourceFileLoader object at 0x00000290B20918D0>
import 're._parser' # <_frozen_importlib_external.SourceFileLoader object at 0x00000290B20914D0>
# D:\python\Lib\re\__pycache__\_casefix.cpython-313.pyc matches D:\python\Lib\re\_casefix.py
# code object from 'D:\\python\\Lib\\re\\__pycache__\\_casefix.cpython-313.pyc'
import 're._casefix' # <_frozen_importlib_external.SourceFileLoader object at 0x00000290B1EE9E10>
import 're._compiler' # <_frozen_importlib_external.SourceFileLoader object at 0x00000290B2018B00>
# D:\python\Lib\__pycache__\copyreg.cpython-313.pyc matches D:\python\Lib\copyreg.py
# code object from 'D:\\python\\Lib\\__pycache__\\copyreg.cpython-313.pyc'
import 'copyreg' # <_frozen_importlib_external.SourceFileLoader object at 0x00000290B1EEAA50>
import 're' # <_frozen_importlib_external.SourceFileLoader object at 0x00000290B20800F0>
# D:\python\Lib\__pycache__\fnmatch.cpython-313.pyc matches D:\python\Lib\fnmatch.py
# code object from 'D:\\python\\Lib\\__pycache__\\fnmatch.cpython-313.pyc'
import 'posixpath' # <class '_frozen_importlib.FrozenImporter'>
import 'fnmatch' # <_frozen_importlib_external.SourceFileLoader object at 0x00000290B2011850>
import 'glob' # <_frozen_importlib_external.SourceFileLoader object at 0x00000290B1D67E30>
import 'pathlib._abc' # <_frozen_importlib_external.SourceFileLoader object at 0x00000290B1E5D4F0>
# D:\python\Lib\pathlib\__pycache__\_local.cpython-313.pyc matches D:\python\Lib\pathlib\_local.py
# code object from 'D:\\python\\Lib\\pathlib\\__pycache__\\_local.cpython-313.pyc'
# D:\python\Lib\__pycache__\warnings.cpython-313.pyc matches D:\python\Lib\warnings.py
# code object from 'D:\\python\\Lib\\__pycache__\\warnings.cpython-313.pyc'
import 'warnings' # <_frozen_importlib_external.SourceFileLoader object at 0x00000290B2077C50>
import 'pathlib._local' # <_frozen_importlib_external.SourceFileLoader object at 0x00000290B20106B0>
import 'pathlib' # <_frozen_importlib_external.SourceFileLoader object at 0x00000290B1E5D310>
import '__editable___grrhs_0_1_0_finder' # <_frozen_importlib_external.SourceFileLoader object at 0x00000290B1E84A70>
Processing .pth file: 'D:\\python\\Lib\\site-packages\\distutils-precedence.pth'
# D:\python\Lib\site-packages\_distutils_hack\__pycache__\__init__.cpython-313.pyc matches D:\python\Lib\site-packages\_distutils_hack\__init__.py
# code object from 'D:\\python\\Lib\\site-packages\\_distutils_hack\\__pycache__\\__init__.cpython-313.pyc'
import '_distutils_hack' # <_frozen_importlib_external.SourceFileLoader object at 0x00000290B1DF6C30>
import 'site' # <class '_frozen_importlib.FrozenImporter'>
Python 3.13.12 (tags/v3.13.12:1cbe481, Feb  3 2026, 18:22:25) [MSC v.1944 64 bit (AMD64)] on win32
Type "help", "copyright", "credits" or "license" for more information.
# D:\python\Lib\__pycache__\linecache.cpython-313.pyc matches D:\python\Lib\linecache.py
# code object from 'D:\\python\\Lib\\__pycache__\\linecache.cpython-313.pyc'
import 'linecache' # <_frozen_importlib_external.SourceFileLoader object at 0x00000290B20F1850>
# D:\python\Lib\site-packages\pandas\__pycache__\__init__.cpython-313.pyc matches D:\python\Lib\site-packages\pandas\__init__.py
# code object from 'D:\\python\\Lib\\site-packages\\pandas\\__pycache__\\__init__.cpython-313.pyc'
# D:\python\Lib\site-packages\numpy\__pycache__\__init__.cpython-313.pyc matches D:\python\Lib\site-packages\numpy\__init__.py
# code object from 'D:\\python\\Lib\\site-packages\\numpy\\__pycache__\\__init__.cpython-313.pyc'
# D:\python\Lib\site-packages\numpy\__pycache__\version.cpython-313.pyc matches D:\python\Lib\site-packages\numpy\version.py
# code object from 'D:\\python\\Lib\\site-packages\\numpy\\__pycache__\\version.cpython-313.pyc'
import 'numpy.version' # <_frozen_importlib_external.SourceFileLoader object at 0x00000290B20F2090>
# D:\python\Lib\site-packages\numpy\__pycache__\_expired_attrs_2_0.cpython-313.pyc matches D:\python\Lib\site-packages\numpy\_expired_attrs_2_0.py
# code object from 'D:\\python\\Lib\\site-packages\\numpy\\__pycache__\\_expired_attrs_2_0.cpython-313.pyc'
import 'numpy._expired_attrs_2_0' # <_frozen_importlib_external.SourceFileLoader object at 0x00000290B20F2150>
# D:\python\Lib\site-packages\numpy\__pycache__\_globals.cpython-313.pyc matches D:\python\Lib\site-packages\numpy\_globals.py
# code object from 'D:\\python\\Lib\\site-packages\\numpy\\__pycache__\\_globals.cpython-313.pyc'
# D:\python\Lib\site-packages\numpy\_utils\__pycache__\__init__.cpython-313.pyc matches D:\python\Lib\site-packages\numpy\_utils\__init__.py
# code object from 'D:\\python\\Lib\\site-packages\\numpy\\_utils\\__pycache__\\__init__.cpython-313.pyc'
# D:\python\Lib\site-packages\numpy\_utils\__pycache__\_convertions.cpython-313.pyc matches D:\python\Lib\site-packages\numpy\_utils\_convertions.py
# code object from 'D:\\python\\Lib\\site-packages\\numpy\\_utils\\__pycache__\\_convertions.cpython-313.pyc'
import 'numpy._utils._convertions' # <_frozen_importlib_external.SourceFileLoader object at 0x00000290B20F2CF0>
import 'numpy._utils' # <_frozen_importlib_external.SourceFileLoader object at 0x00000290B20F2B10>
import 'numpy._globals' # <_frozen_importlib_external.SourceFileLoader object at 0x00000290B20F27B0>
# D:\python\Lib\site-packages\numpy\__pycache__\_distributor_init.cpython-313.pyc matches D:\python\Lib\site-packages\numpy\_distributor_init.py
# code object from 'D:\\python\\Lib\\site-packages\\numpy\\__pycache__\\_distributor_init.cpython-313.pyc'
import 'numpy._distributor_init' # <_frozen_importlib_external.SourceFileLoader object at 0x00000290B20F2AB0>
# D:\python\Lib\site-packages\numpy\__pycache__\__config__.cpython-313.pyc matches D:\python\Lib\site-packages\numpy\__config__.py
# code object from 'D:\\python\\Lib\\site-packages\\numpy\\__pycache__\\__config__.cpython-313.pyc'
# D:\python\Lib\site-packages\numpy\_core\__pycache__\__init__.cpython-313.pyc matches D:\python\Lib\site-packages\numpy\_core\__init__.py
# code object from 'D:\\python\\Lib\\site-packages\\numpy\\_core\\__pycache__\\__init__.cpython-313.pyc'
# D:\python\Lib\site-packages\numpy\_core\__pycache__\multiarray.cpython-313.pyc matches D:\python\Lib\site-packages\numpy\_core\multiarray.py
# code object from 'D:\\python\\Lib\\site-packages\\numpy\\_core\\__pycache__\\multiarray.cpython-313.pyc'
# extension module 'numpy._core._multiarray_umath' loaded from 'D:\\python\\Lib\\site-packages\\numpy\\_core\\_multiarray_umath.cp313-win_amd64.pyd'
# D:\python\Lib\__pycache__\datetime.cpython-313.pyc matches D:\python\Lib\datetime.py
# code object from 'D:\\python\\Lib\\__pycache__\\datetime.cpython-313.pyc'
import '_datetime' # <class '_frozen_importlib.BuiltinImporter'>
import 'datetime' # <_frozen_importlib_external.SourceFileLoader object at 0x00000290B20F36B0>
import 'math' # <class '_frozen_importlib.BuiltinImporter'>
# D:\python\Lib\site-packages\numpy\__pycache__\exceptions.cpython-313.pyc matches D:\python\Lib\site-packages\numpy\exceptions.py
# code object from 'D:\\python\\Lib\\site-packages\\numpy\\__pycache__\\exceptions.cpython-313.pyc'
import 'numpy.exceptions' # <_frozen_importlib_external.SourceFileLoader object at 0x00000290B20F3770>
# D:\python\Lib\site-packages\numpy\_core\__pycache__\_exceptions.cpython-313.pyc matches D:\python\Lib\site-packages\numpy\_core\_exceptions.py
# code object from 'D:\\python\\Lib\\site-packages\\numpy\\_core\\__pycache__\\_exceptions.cpython-313.pyc'
import 'numpy._core._exceptions' # <_frozen_importlib_external.SourceFileLoader object at 0x00000290B20F3D10>
# D:\python\Lib\site-packages\numpy\_core\__pycache__\printoptions.cpython-313.pyc matches D:\python\Lib\site-packages\numpy\_core\printoptions.py
# code object from 'D:\\python\\Lib\\site-packages\\numpy\\_core\\__pycache__\\printoptions.cpython-313.pyc'
# D:\python\Lib\__pycache__\contextvars.cpython-313.pyc matches D:\python\Lib\contextvars.py
# code object from 'D:\\python\\Lib\\__pycache__\\contextvars.cpython-313.pyc'
import '_contextvars' # <class '_frozen_importlib.BuiltinImporter'>
import 'contextvars' # <_frozen_importlib_external.SourceFileLoader object at 0x00000290B21548F0>
import 'numpy._core.printoptions' # <_frozen_importlib_external.SourceFileLoader object at 0x00000290B2154770>
# D:\python\Lib\site-packages\numpy\__pycache__\dtypes.cpython-313.pyc matches D:\python\Lib\site-packages\numpy\dtypes.py
# code object from 'D:\\python\\Lib\\site-packages\\numpy\\__pycache__\\dtypes.cpython-313.pyc'
import 'numpy.dtypes' # <_frozen_importlib_external.SourceFileLoader object at 0x00000290B2154E30>
# extension module 'numpy._core._multiarray_umath' executed from 'D:\\python\\Lib\\site-packages\\numpy\\_core\\_multiarray_umath.cp313-win_amd64.pyd'
import 'numpy._core._multiarray_umath' # <_frozen_importlib_external.ExtensionFileLoader object at 0x00000290B2128AD0>
# D:\python\Lib\site-packages\numpy\_core\__pycache__\overrides.cpython-313.pyc matches D:\python\Lib\site-packages\numpy\_core\overrides.py
# code object from 'D:\\python\\Lib\\site-packages\\numpy\\_core\\__pycache__\\overrides.cpython-313.pyc'
# D:\python\Lib\__pycache__\inspect.cpython-313.pyc matches D:\python\Lib\inspect.py
# code object from 'D:\\python\\Lib\\__pycache__\\inspect.cpython-313.pyc'
# D:\python\Lib\__pycache__\ast.cpython-313.pyc matches D:\python\Lib\ast.py
# code object from 'D:\\python\\Lib\\__pycache__\\ast.cpython-313.pyc'
import '_ast' # <class '_frozen_importlib.BuiltinImporter'>
import 'ast' # <_frozen_importlib_external.SourceFileLoader object at 0x00000290B2156CF0>
# D:\python\Lib\__pycache__\dis.cpython-313.pyc matches D:\python\Lib\dis.py
# code object from 'D:\\python\\Lib\\__pycache__\\dis.cpython-313.pyc'
# D:\python\Lib\__pycache__\opcode.cpython-313.pyc matches D:\python\Lib\opcode.py
# code object from 'D:\\python\\Lib\\__pycache__\\opcode.cpython-313.pyc'
import '_opcode' # <class '_frozen_importlib.BuiltinImporter'>
# D:\python\Lib\__pycache__\_opcode_metadata.cpython-313.pyc matches D:\python\Lib\_opcode_metadata.py
# code object from 'D:\\python\\Lib\\__pycache__\\_opcode_metadata.cpython-313.pyc'
import '_opcode_metadata' # <_frozen_importlib_external.SourceFileLoader object at 0x00000290E04B51F0>
import 'opcode' # <_frozen_importlib_external.SourceFileLoader object at 0x00000290E04B4FB0>
import 'dis' # <_frozen_importlib_external.SourceFileLoader object at 0x00000290E04B49B0>
# D:\python\Lib\__pycache__\tokenize.cpython-313.pyc matches D:\python\Lib\tokenize.py
# code object from 'D:\\python\\Lib\\__pycache__\\tokenize.cpython-313.pyc'
# D:\python\Lib\__pycache__\token.cpython-313.pyc matches D:\python\Lib\token.py
# code object from 'D:\\python\\Lib\\__pycache__\\token.cpython-313.pyc'
import 'token' # <_frozen_importlib_external.SourceFileLoader object at 0x00000290E04B5C70>
import '_tokenize' # <class '_frozen_importlib.BuiltinImporter'>
import 'tokenize' # <_frozen_importlib_external.SourceFileLoader object at 0x00000290E04B5970>
# D:\python\Lib\__pycache__\weakref.cpython-313.pyc matches D:\python\Lib\weakref.py
# code object from 'D:\\python\\Lib\\__pycache__\\weakref.cpython-313.pyc'
# D:\python\Lib\__pycache__\_weakrefset.cpython-313.pyc matches D:\python\Lib\_weakrefset.py
# code object from 'D:\\python\\Lib\\__pycache__\\_weakrefset.cpython-313.pyc'
import '_weakrefset' # <_frozen_importlib_external.SourceFileLoader object at 0x00000290E04B6B70>
import 'weakref' # <_frozen_importlib_external.SourceFileLoader object at 0x00000290E04B5BB0>
import 'inspect' # <_frozen_importlib_external.SourceFileLoader object at 0x00000290B2156B70>
# D:\python\Lib\site-packages\numpy\_utils\__pycache__\_inspect.cpython-313.pyc matches D:\python\Lib\site-packages\numpy\_utils\_inspect.py
# code object from 'D:\\python\\Lib\\site-packages\\numpy\\_utils\\__pycache__\\_inspect.cpython-313.pyc'
import 'numpy._utils._inspect' # <_frozen_importlib_external.SourceFileLoader object at 0x00000290B2157E90>
import 'numpy._core.overrides' # <_frozen_importlib_external.SourceFileLoader object at 0x00000290B21568D0>
import 'numpy._core.multiarray' # <_frozen_importlib_external.SourceFileLoader object at 0x00000290B20F3350>
# D:\python\Lib\site-packages\numpy\_core\__pycache__\umath.cpython-313.pyc matches D:\python\Lib\site-packages\numpy\_core\umath.py
# code object from 'D:\\python\\Lib\\site-packages\\numpy\\_core\\__pycache__\\umath.cpython-313.pyc'
import 'numpy._core.umath' # <_frozen_importlib_external.SourceFileLoader object at 0x00000290E04B7E90>
# D:\python\Lib\site-packages\numpy\_core\__pycache__\numerictypes.cpython-313.pyc matches D:\python\Lib\site-packages\numpy\_core\numerictypes.py
# code object from 'D:\\python\\Lib\\site-packages\\numpy\\_core\\__pycache__\\numerictypes.cpython-313.pyc'
# D:\python\Lib\__pycache__\numbers.cpython-313.pyc matches D:\python\Lib\numbers.py
# code object from 'D:\\python\\Lib\\__pycache__\\numbers.cpython-313.pyc'
import 'numbers' # <_frozen_importlib_external.SourceFileLoader object at 0x00000290E094C230>
# D:\python\Lib\site-packages\numpy\_core\__pycache__\_dtype.cpython-313.pyc matches D:\python\Lib\site-packages\numpy\_core\_dtype.py
# code object from 'D:\\python\\Lib\\site-packages\\numpy\\_core\\__pycache__\\_dtype.cpython-313.pyc'
import 'numpy._core._dtype' # <_frozen_importlib_external.SourceFileLoader object at 0x00000290E094C7D0>
# D:\python\Lib\site-packages\numpy\_core\__pycache__\_string_helpers.cpython-313.pyc matches D:\python\Lib\site-packages\numpy\_core\_string_helpers.py
# code object from 'D:\\python\\Lib\\site-packages\\numpy\\_core\\__pycache__\\_string_helpers.cpython-313.pyc'
import 'numpy._core._string_helpers' # <_frozen_importlib_external.SourceFileLoader object at 0x00000290E094CA70>
# D:\python\Lib\site-packages\numpy\_core\__pycache__\_type_aliases.cpython-313.pyc matches D:\python\Lib\site-packages\numpy\_core\_type_aliases.py
# code object from 'D:\\python\\Lib\\site-packages\\numpy\\_core\\__pycache__\\_type_aliases.cpython-313.pyc'
import 'numpy._core._type_aliases' # <_frozen_importlib_external.SourceFileLoader object at 0x00000290E094CAD0>
import 'numpy._core.numerictypes' # <_frozen_importlib_external.SourceFileLoader object at 0x00000290E04B7F50>
# D:\python\Lib\site-packages\numpy\_core\__pycache__\einsumfunc.cpython-313.pyc matches D:\python\Lib\site-packages\numpy\_core\einsumfunc.py
# code object from 'D:\\python\\Lib\\site-packages\\numpy\\_core\\__pycache__\\einsumfunc.cpython-313.pyc'
# D:\python\Lib\site-packages\numpy\_core\__pycache__\numeric.cpython-313.pyc matches D:\python\Lib\site-packages\numpy\_core\numeric.py
# code object from 'D:\\python\\Lib\\site-packages\\numpy\\_core\\__pycache__\\numeric.cpython-313.pyc'
# D:\python\Lib\site-packages\numpy\_core\__pycache__\shape_base.cpython-313.pyc matches D:\python\Lib\site-packages\numpy\_core\shape_base.py
# code object from 'D:\\python\\Lib\\site-packages\\numpy\\_core\\__pycache__\\shape_base.cpython-313.pyc'
# D:\python\Lib\site-packages\numpy\_core\__pycache__\fromnumeric.cpython-313.pyc matches D:\python\Lib\site-packages\numpy\_core\fromnumeric.py
# code object from 'D:\\python\\Lib\\site-packages\\numpy\\_core\\__pycache__\\fromnumeric.cpython-313.pyc'
# D:\python\Lib\site-packages\numpy\_core\__pycache__\_methods.cpython-313.pyc matches D:\python\Lib\site-packages\numpy\_core\_methods.py
# code object from 'D:\\python\\Lib\\site-packages\\numpy\\_core\\__pycache__\\_methods.cpython-313.pyc'
# D:\python\Lib\__pycache__\pickle.cpython-313.pyc matches D:\python\Lib\pickle.py
# code object from 'D:\\python\\Lib\\__pycache__\\pickle.cpython-313.pyc'
# D:\python\Lib\__pycache__\struct.cpython-313.pyc matches D:\python\Lib\struct.py
# code object from 'D:\\python\\Lib\\__pycache__\\struct.cpython-313.pyc'
import '_struct' # <class '_frozen_importlib.BuiltinImporter'>
import 'struct' # <_frozen_importlib_external.SourceFileLoader object at 0x00000290E094FC50>
# D:\python\Lib\__pycache__\_compat_pickle.cpython-313.pyc matches D:\python\Lib\_compat_pickle.py
# code object from 'D:\\python\\Lib\\__pycache__\\_compat_pickle.cpython-313.pyc'
import '_compat_pickle' # <_frozen_importlib_external.SourceFileLoader object at 0x00000290E0999010>
import '_pickle' # <class '_frozen_importlib.BuiltinImporter'>
import 'pickle' # <_frozen_importlib_external.SourceFileLoader object at 0x00000290E094F950>
import 'numpy._core._methods' # <_frozen_importlib_external.SourceFileLoader object at 0x00000290E094F230>
import 'numpy._core.fromnumeric' # <_frozen_importlib_external.SourceFileLoader object at 0x00000290E094EA50>
import 'numpy._core.shape_base' # <_frozen_importlib_external.SourceFileLoader object at 0x00000290E094DD30>
# D:\python\Lib\site-packages\numpy\_core\__pycache__\_ufunc_config.cpython-313.pyc matches D:\python\Lib\site-packages\numpy\_core\_ufunc_config.py
# code object from 'D:\\python\\Lib\\site-packages\\numpy\\_core\\__pycache__\\_ufunc_config.cpython-313.pyc'
import 'numpy._core._ufunc_config' # <_frozen_importlib_external.SourceFileLoader object at 0x00000290E094E5D0>
# D:\python\Lib\site-packages\numpy\_core\__pycache__\_asarray.cpython-313.pyc matches D:\python\Lib\site-packages\numpy\_core\_asarray.py
# code object from 'D:\\python\\Lib\\site-packages\\numpy\\_core\\__pycache__\\_asarray.cpython-313.pyc'
import 'numpy._core._asarray' # <_frozen_importlib_external.SourceFileLoader object at 0x00000290E099A270>
# D:\python\Lib\site-packages\numpy\_core\__pycache__\arrayprint.cpython-313.pyc matches D:\python\Lib\site-packages\numpy\_core\arrayprint.py
# code object from 'D:\\python\\Lib\\site-packages\\numpy\\_core\\__pycache__\\arrayprint.cpython-313.pyc'
import 'numpy._core.arrayprint' # <_frozen_importlib_external.SourceFileLoader object at 0x00000290E099A390>
import 'numpy._core.numeric' # <_frozen_importlib_external.SourceFileLoader object at 0x00000290E094D190>
import 'numpy._core.einsumfunc' # <_frozen_importlib_external.SourceFileLoader object at 0x00000290E094CB30>
# D:\python\Lib\site-packages\numpy\_core\__pycache__\function_base.cpython-313.pyc matches D:\python\Lib\site-packages\numpy\_core\function_base.py
# code object from 'D:\\python\\Lib\\site-packages\\numpy\\_core\\__pycache__\\function_base.cpython-313.pyc'
import 'numpy._core.function_base' # <_frozen_importlib_external.SourceFileLoader object at 0x00000290E094CFB0>
# D:\python\Lib\site-packages\numpy\_core\__pycache__\getlimits.cpython-313.pyc matches D:\python\Lib\site-packages\numpy\_core\getlimits.py
# code object from 'D:\\python\\Lib\\site-packages\\numpy\\_core\\__pycache__\\getlimits.cpython-313.pyc'
import 'numpy._core.getlimits' # <_frozen_importlib_external.SourceFileLoader object at 0x00000290E099ABD0>
# D:\python\Lib\site-packages\numpy\_core\__pycache__\memmap.cpython-313.pyc matches D:\python\Lib\site-packages\numpy\_core\memmap.py
# code object from 'D:\\python\\Lib\\site-packages\\numpy\\_core\\__pycache__\\memmap.cpython-313.pyc'
import 'numpy._core.memmap' # <_frozen_importlib_external.SourceFileLoader object at 0x00000290E099BC50>
# D:\python\Lib\site-packages\numpy\_core\__pycache__\records.cpython-313.pyc matches D:\python\Lib\site-packages\numpy\_core\records.py
# code object from 'D:\\python\\Lib\\site-packages\\numpy\\_core\\__pycache__\\records.cpython-313.pyc'
import 'numpy._core.records' # <_frozen_importlib_external.SourceFileLoader object at 0x00000290E099BF50>
# D:\python\Lib\site-packages\numpy\_core\__pycache__\_add_newdocs.cpython-313.pyc matches D:\python\Lib\site-packages\numpy\_core\_add_newdocs.py
# code object from 'D:\\python\\Lib\\site-packages\\numpy\\_core\\__pycache__\\_add_newdocs.cpython-313.pyc'
# D:\python\Lib\__pycache__\textwrap.cpython-313.pyc matches D:\python\Lib\textwrap.py
# code object from 'D:\\python\\Lib\\__pycache__\\textwrap.cpython-313.pyc'
import 'textwrap' # <_frozen_importlib_external.SourceFileLoader object at 0x00000290E09FCFB0>
import 'numpy._core._add_newdocs' # <_frozen_importlib_external.SourceFileLoader object at 0x00000290E09FC470>
# D:\python\Lib\site-packages\numpy\_core\__pycache__\_add_newdocs_scalars.cpython-313.pyc matches D:\python\Lib\site-packages\numpy\_core\_add_newdocs_scalars.py
# code object from 'D:\\python\\Lib\\site-packages\\numpy\\_core\\__pycache__\\_add_newdocs_scalars.cpython-313.pyc'
import 'numpy._core._add_newdocs_scalars' # <_frozen_importlib_external.SourceFileLoader object at 0x00000290E094F8F0>
# D:\python\Lib\site-packages\numpy\_core\__pycache__\_dtype_ctypes.cpython-313.pyc matches D:\python\Lib\site-packages\numpy\_core\_dtype_ctypes.py
# code object from 'D:\\python\\Lib\\site-packages\\numpy\\_core\\__pycache__\\_dtype_ctypes.cpython-313.pyc'
import 'numpy._core._dtype_ctypes' # <_frozen_importlib_external.SourceFileLoader object at 0x00000290E09FCC50>
# D:\python\Lib\site-packages\numpy\_core\__pycache__\_internal.cpython-313.pyc matches D:\python\Lib\site-packages\numpy\_core\_internal.py
# code object from 'D:\\python\\Lib\\site-packages\\numpy\\_core\\__pycache__\\_internal.cpython-313.pyc'
# D:\python\Lib\ctypes\__pycache__\__init__.cpython-313.pyc matches D:\python\Lib\ctypes\__init__.py
# code object from 'D:\\python\\Lib\\ctypes\\__pycache__\\__init__.cpython-313.pyc'
# D:\python\Lib\sysconfig\__pycache__\__init__.cpython-313.pyc matches D:\python\Lib\sysconfig\__init__.py
# code object from 'D:\\python\\Lib\\sysconfig\\__pycache__\\__init__.cpython-313.pyc'
# D:\python\Lib\__pycache__\threading.cpython-313.pyc matches D:\python\Lib\threading.py
# code object from 'D:\\python\\Lib\\__pycache__\\threading.cpython-313.pyc'
import 'threading' # <_frozen_importlib_external.SourceFileLoader object at 0x00000290E09FEF30>
import 'sysconfig' # <_frozen_importlib_external.SourceFileLoader object at 0x00000290E09FE870>
# extension module '_ctypes' loaded from 'D:\\python\\DLLs\\_ctypes.pyd'
# extension module '_ctypes' executed from 'D:\\python\\DLLs\\_ctypes.pyd'
import '_ctypes' # <_frozen_importlib_external.ExtensionFileLoader object at 0x00000290E0A38910>
# D:\python\Lib\ctypes\__pycache__\_endian.cpython-313.pyc matches D:\python\Lib\ctypes\_endian.py
# code object from 'D:\\python\\Lib\\ctypes\\__pycache__\\_endian.cpython-313.pyc'
import 'ctypes._endian' # <_frozen_importlib_external.SourceFileLoader object at 0x00000290E09FF0B0>
import 'ctypes' # <_frozen_importlib_external.SourceFileLoader object at 0x00000290E09FD7F0>
import 'numpy._core._internal' # <_frozen_importlib_external.SourceFileLoader object at 0x00000290E09FD3D0>
# D:\python\Lib\site-packages\numpy\__pycache__\_pytesttester.cpython-313.pyc matches D:\python\Lib\site-packages\numpy\_pytesttester.py
# code object from 'D:\\python\\Lib\\site-packages\\numpy\\__pycache__\\_pytesttester.cpython-313.pyc'
import 'numpy._pytesttester' # <_frozen_importlib_external.SourceFileLoader object at 0x00000290E09FE7B0>
import 'numpy._core' # <_frozen_importlib_external.SourceFileLoader object at 0x00000290B20F30B0>
import 'numpy.__config__' # <_frozen_importlib_external.SourceFileLoader object at 0x00000290B20F2E10>
# D:\python\Lib\site-packages\numpy\lib\__pycache__\__init__.cpython-313.pyc matches D:\python\Lib\site-packages\numpy\lib\__init__.py
# code object from 'D:\\python\\Lib\\site-packages\\numpy\\lib\\__pycache__\\__init__.cpython-313.pyc'
# D:\python\Lib\site-packages\numpy\lib\__pycache__\_arraypad_impl.cpython-313.pyc matches D:\python\Lib\site-packages\numpy\lib\_arraypad_impl.py
# code object from 'D:\\python\\Lib\\site-packages\\numpy\\lib\\__pycache__\\_arraypad_impl.cpython-313.pyc'
# D:\python\Lib\__pycache__\typing.cpython-313.pyc matches D:\python\Lib\typing.py
# code object from 'D:\\python\\Lib\\__pycache__\\typing.cpython-313.pyc'
import '_typing' # <class '_frozen_importlib.BuiltinImporter'>
import 'typing' # <_frozen_importlib_external.SourceFileLoader object at 0x00000290E09FFA70>
# D:\python\Lib\site-packages\numpy\lib\__pycache__\_index_tricks_impl.cpython-313.pyc matches D:\python\Lib\site-packages\numpy\lib\_index_tricks_impl.py
# code object from 'D:\\python\\Lib\\site-packages\\numpy\\lib\\__pycache__\\_index_tricks_impl.cpython-313.pyc'
# D:\python\Lib\site-packages\numpy\matrixlib\__pycache__\__init__.cpython-313.pyc matches D:\python\Lib\site-packages\numpy\matrixlib\__init__.py
# code object from 'D:\\python\\Lib\\site-packages\\numpy\\matrixlib\\__pycache__\\__init__.cpython-313.pyc'
# D:\python\Lib\site-packages\numpy\matrixlib\__pycache__\defmatrix.cpython-313.pyc matches D:\python\Lib\site-packages\numpy\matrixlib\defmatrix.py
# code object from 'D:\\python\\Lib\\site-packages\\numpy\\matrixlib\\__pycache__\\defmatrix.cpython-313.pyc'
# D:\python\Lib\site-packages\numpy\linalg\__pycache__\__init__.cpython-313.pyc matches D:\python\Lib\site-packages\numpy\linalg\__init__.py
# code object from 'D:\\python\\Lib\\site-packages\\numpy\\linalg\\__pycache__\\__init__.cpython-313.pyc'
# D:\python\Lib\site-packages\numpy\linalg\__pycache__\_linalg.cpython-313.pyc matches D:\python\Lib\site-packages\numpy\linalg\_linalg.py
# code object from 'D:\\python\\Lib\\site-packages\\numpy\\linalg\\__pycache__\\_linalg.cpython-313.pyc'
# D:\python\Lib\site-packages\numpy\_typing\__pycache__\__init__.cpython-313.pyc matches D:\python\Lib\site-packages\numpy\_typing\__init__.py
# code object from 'D:\\python\\Lib\\site-packages\\numpy\\_typing\\__pycache__\\__init__.cpython-313.pyc'
# D:\python\Lib\site-packages\numpy\_typing\__pycache__\_array_like.cpython-313.pyc matches D:\python\Lib\site-packages\numpy\_typing\_array_like.py
# code object from 'D:\\python\\Lib\\site-packages\\numpy\\_typing\\__pycache__\\_array_like.cpython-313.pyc'
# D:\python\Lib\site-packages\numpy\_typing\__pycache__\_nbit_base.cpython-313.pyc matches D:\python\Lib\site-packages\numpy\_typing\_nbit_base.py
# code object from 'D:\\python\\Lib\\site-packages\\numpy\\_typing\\__pycache__\\_nbit_base.cpython-313.pyc'
import 'numpy._typing._nbit_base' # <_frozen_importlib_external.SourceFileLoader object at 0x00000290E0AAE270>
# D:\python\Lib\site-packages\numpy\_typing\__pycache__\_nested_sequence.cpython-313.pyc matches D:\python\Lib\site-packages\numpy\_typing\_nested_sequence.py
# code object from 'D:\\python\\Lib\\site-packages\\numpy\\_typing\\__pycache__\\_nested_sequence.cpython-313.pyc'
import 'numpy._typing._nested_sequence' # <_frozen_importlib_external.SourceFileLoader object at 0x00000290E0AAE510>
# D:\python\Lib\site-packages\numpy\_typing\__pycache__\_shape.cpython-313.pyc matches D:\python\Lib\site-packages\numpy\_typing\_shape.py
# code object from 'D:\\python\\Lib\\site-packages\\numpy\\_typing\\__pycache__\\_shape.cpython-313.pyc'
import 'numpy._typing._shape' # <_frozen_importlib_external.SourceFileLoader object at 0x00000290E0AAE6F0>
import 'numpy._typing._array_like' # <_frozen_importlib_external.SourceFileLoader object at 0x00000290E0AAE0F0>
# D:\python\Lib\site-packages\numpy\_typing\__pycache__\_char_codes.cpython-313.pyc matches D:\python\Lib\site-packages\numpy\_typing\_char_codes.py
# code object from 'D:\\python\\Lib\\site-packages\\numpy\\_typing\\__pycache__\\_char_codes.cpython-313.pyc'
import 'numpy._typing._char_codes' # <_frozen_importlib_external.SourceFileLoader object at 0x00000290E0AAE870>
# D:\python\Lib\site-packages\numpy\_typing\__pycache__\_dtype_like.cpython-313.pyc matches D:\python\Lib\site-packages\numpy\_typing\_dtype_like.py
# code object from 'D:\\python\\Lib\\site-packages\\numpy\\_typing\\__pycache__\\_dtype_like.cpython-313.pyc'
import 'numpy._typing._dtype_like' # <_frozen_importlib_external.SourceFileLoader object at 0x00000290E22E8EF0>
# D:\python\Lib\site-packages\numpy\_typing\__pycache__\_nbit.cpython-313.pyc matches D:\python\Lib\site-packages\numpy\_typing\_nbit.py
# code object from 'D:\\python\\Lib\\site-packages\\numpy\\_typing\\__pycache__\\_nbit.cpython-313.pyc'
import 'numpy._typing._nbit' # <_frozen_importlib_external.SourceFileLoader object at 0x00000290E22E9370>
# D:\python\Lib\site-packages\numpy\_typing\__pycache__\_scalars.cpython-313.pyc matches D:\python\Lib\site-packages\numpy\_typing\_scalars.py
# code object from 'D:\\python\\Lib\\site-packages\\numpy\\_typing\\__pycache__\\_scalars.cpython-313.pyc'
import 'numpy._typing._scalars' # <_frozen_importlib_external.SourceFileLoader object at 0x00000290E22E9490>
# D:\python\Lib\site-packages\numpy\_typing\__pycache__\_ufunc.cpython-313.pyc matches D:\python\Lib\site-packages\numpy\_typing\_ufunc.py
# code object from 'D:\\python\\Lib\\site-packages\\numpy\\_typing\\__pycache__\\_ufunc.cpython-313.pyc'
import 'numpy._typing._ufunc' # <_frozen_importlib_external.SourceFileLoader object at 0x00000290E22E95B0>
import 'numpy._typing' # <_frozen_importlib_external.SourceFileLoader object at 0x00000290E0AAD730>
# D:\python\Lib\site-packages\numpy\lib\__pycache__\_twodim_base_impl.cpython-313.pyc matches D:\python\Lib\site-packages\numpy\lib\_twodim_base_impl.py
# code object from 'D:\\python\\Lib\\site-packages\\numpy\\lib\\__pycache__\\_twodim_base_impl.cpython-313.pyc'
# D:\python\Lib\site-packages\numpy\lib\__pycache__\_stride_tricks_impl.cpython-313.pyc matches D:\python\Lib\site-packages\numpy\lib\_stride_tricks_impl.py
# code object from 'D:\\python\\Lib\\site-packages\\numpy\\lib\\__pycache__\\_stride_tricks_impl.cpython-313.pyc'
import 'numpy.lib._stride_tricks_impl' # <_frozen_importlib_external.SourceFileLoader object at 0x00000290E22E99D0>
import 'numpy.lib._twodim_base_impl' # <_frozen_importlib_external.SourceFileLoader object at 0x00000290E0AAE090>
# D:\python\Lib\site-packages\numpy\lib\__pycache__\array_utils.cpython-313.pyc matches D:\python\Lib\site-packages\numpy\lib\array_utils.py
# code object from 'D:\\python\\Lib\\site-packages\\numpy\\lib\\__pycache__\\array_utils.cpython-313.pyc'
# D:\python\Lib\site-packages\numpy\lib\__pycache__\_array_utils_impl.cpython-313.pyc matches D:\python\Lib\site-packages\numpy\lib\_array_utils_impl.py
# code object from 'D:\\python\\Lib\\site-packages\\numpy\\lib\\__pycache__\\_array_utils_impl.cpython-313.pyc'
import 'numpy.lib._array_utils_impl' # <_frozen_importlib_external.SourceFileLoader object at 0x00000290E22E9D30>
import 'numpy.lib.array_utils' # <_frozen_importlib_external.SourceFileLoader object at 0x00000290E22E9C10>
# extension module 'numpy.linalg._umath_linalg' loaded from 'D:\\python\\Lib\\site-packages\\numpy\\linalg\\_umath_linalg.cp313-win_amd64.pyd'
# extension module 'numpy.linalg._umath_linalg' executed from 'D:\\python\\Lib\\site-packages\\numpy\\linalg\\_umath_linalg.cp313-win_amd64.pyd'
import 'numpy.linalg._umath_linalg' # <_frozen_importlib_external.ExtensionFileLoader object at 0x00000290E0A3B890>
import 'numpy.linalg._linalg' # <_frozen_importlib_external.SourceFileLoader object at 0x00000290E0AAD4F0>
import 'numpy.linalg' # <_frozen_importlib_external.SourceFileLoader object at 0x00000290E0AAD2B0>
import 'numpy.matrixlib.defmatrix' # <_frozen_importlib_external.SourceFileLoader object at 0x00000290E0AAD070>
import 'numpy.matrixlib' # <_frozen_importlib_external.SourceFileLoader object at 0x00000290E0AAC110>
# D:\python\Lib\site-packages\numpy\lib\__pycache__\_function_base_impl.cpython-313.pyc matches D:\python\Lib\site-packages\numpy\lib\_function_base_impl.py
# code object from 'D:\\python\\Lib\\site-packages\\numpy\\lib\\__pycache__\\_function_base_impl.cpython-313.pyc'
# D:\python\Lib\site-packages\numpy\lib\__pycache__\_histograms_impl.cpython-313.pyc matches D:\python\Lib\site-packages\numpy\lib\_histograms_impl.py
# code object from 'D:\\python\\Lib\\site-packages\\numpy\\lib\\__pycache__\\_histograms_impl.cpython-313.pyc'
import 'numpy.lib._histograms_impl' # <_frozen_importlib_external.SourceFileLoader object at 0x00000290E0AAD430>
import 'numpy.lib._function_base_impl' # <_frozen_importlib_external.SourceFileLoader object at 0x00000290E0AAD010>
import 'numpy.lib._index_tricks_impl' # <_frozen_importlib_external.SourceFileLoader object at 0x00000290E0A5DEB0>
import 'numpy.lib._arraypad_impl' # <_frozen_importlib_external.SourceFileLoader object at 0x00000290E09FD550>
# D:\python\Lib\site-packages\numpy\lib\__pycache__\_arraysetops_impl.cpython-313.pyc matches D:\python\Lib\site-packages\numpy\lib\_arraysetops_impl.py
# code object from 'D:\\python\\Lib\\site-packages\\numpy\\lib\\__pycache__\\_arraysetops_impl.cpython-313.pyc'
import 'numpy.lib._arraysetops_impl' # <_frozen_importlib_external.SourceFileLoader object at 0x00000290E09FF6B0>
# D:\python\Lib\site-packages\numpy\lib\__pycache__\_arrayterator_impl.cpython-313.pyc matches D:\python\Lib\site-packages\numpy\lib\_arrayterator_impl.py
# code object from 'D:\\python\\Lib\\site-packages\\numpy\\lib\\__pycache__\\_arrayterator_impl.cpython-313.pyc'
import 'numpy.lib._arrayterator_impl' # <_frozen_importlib_external.SourceFileLoader object at 0x00000290E22EB950>
# D:\python\Lib\site-packages\numpy\lib\__pycache__\_nanfunctions_impl.cpython-313.pyc matches D:\python\Lib\site-packages\numpy\lib\_nanfunctions_impl.py
# code object from 'D:\\python\\Lib\\site-packages\\numpy\\lib\\__pycache__\\_nanfunctions_impl.cpython-313.pyc'
import 'numpy.lib._nanfunctions_impl' # <_frozen_importlib_external.SourceFileLoader object at 0x00000290E22EB9B0>
# D:\python\Lib\site-packages\numpy\lib\__pycache__\_npyio_impl.cpython-313.pyc matches D:\python\Lib\site-packages\numpy\lib\_npyio_impl.py
# code object from 'D:\\python\\Lib\\site-packages\\numpy\\lib\\__pycache__\\_npyio_impl.cpython-313.pyc'
# D:\python\Lib\site-packages\numpy\lib\__pycache__\format.cpython-313.pyc matches D:\python\Lib\site-packages\numpy\lib\format.py
# code object from 'D:\\python\\Lib\\site-packages\\numpy\\lib\\__pycache__\\format.cpython-313.pyc'
# D:\python\Lib\site-packages\numpy\lib\__pycache__\_format_impl.cpython-313.pyc matches D:\python\Lib\site-packages\numpy\lib\_format_impl.py
# code object from 'D:\\python\\Lib\\site-packages\\numpy\\lib\\__pycache__\\_format_impl.cpython-313.pyc'
# D:\python\Lib\site-packages\numpy\lib\__pycache__\_utils_impl.cpython-313.pyc matches D:\python\Lib\site-packages\numpy\lib\_utils_impl.py
# code object from 'D:\\python\\Lib\\site-packages\\numpy\\lib\\__pycache__\\_utils_impl.cpython-313.pyc'
# D:\python\Lib\__pycache__\platform.cpython-313.pyc matches D:\python\Lib\platform.py
# code object from 'D:\\python\\Lib\\__pycache__\\platform.cpython-313.pyc'
# extension module '_wmi' loaded from 'D:\\python\\DLLs\\_wmi.pyd'
# extension module '_wmi' executed from 'D:\\python\\DLLs\\_wmi.pyd'
import '_wmi' # <_frozen_importlib_external.ExtensionFileLoader object at 0x00000290E2360640>
import 'platform' # <_frozen_importlib_external.SourceFileLoader object at 0x00000290E2375BB0>
import 'numpy.lib._utils_impl' # <_frozen_importlib_external.SourceFileLoader object at 0x00000290E23756D0>
import 'numpy.lib._format_impl' # <_frozen_importlib_external.SourceFileLoader object at 0x00000290E2374E90>
import 'numpy.lib.format' # <_frozen_importlib_external.SourceFileLoader object at 0x00000290E23748F0>
# D:\python\Lib\site-packages\numpy\lib\__pycache__\_datasource.cpython-313.pyc matches D:\python\Lib\site-packages\numpy\lib\_datasource.py
# code object from 'D:\\python\\Lib\\site-packages\\numpy\\lib\\__pycache__\\_datasource.cpython-313.pyc'
import 'numpy.lib._datasource' # <_frozen_importlib_external.SourceFileLoader object at 0x00000290E2374A10>
# D:\python\Lib\site-packages\numpy\lib\__pycache__\_iotools.cpython-313.pyc matches D:\python\Lib\site-packages\numpy\lib\_iotools.py
# code object from 'D:\\python\\Lib\\site-packages\\numpy\\lib\\__pycache__\\_iotools.cpython-313.pyc'
import 'numpy.lib._iotools' # <_frozen_importlib_external.SourceFileLoader object at 0x00000290E23769F0>
import 'numpy.lib._npyio_impl' # <_frozen_importlib_external.SourceFileLoader object at 0x00000290E23744D0>
# D:\python\Lib\site-packages\numpy\lib\__pycache__\_polynomial_impl.cpython-313.pyc matches D:\python\Lib\site-packages\numpy\lib\_polynomial_impl.py
# code object from 'D:\\python\\Lib\\site-packages\\numpy\\lib\\__pycache__\\_polynomial_impl.cpython-313.pyc'
# D:\python\Lib\site-packages\numpy\lib\__pycache__\_type_check_impl.cpython-313.pyc matches D:\python\Lib\site-packages\numpy\lib\_type_check_impl.py
# code object from 'D:\\python\\Lib\\site-packages\\numpy\\lib\\__pycache__\\_type_check_impl.cpython-313.pyc'
# D:\python\Lib\site-packages\numpy\lib\__pycache__\_ufunclike_impl.cpython-313.pyc matches D:\python\Lib\site-packages\numpy\lib\_ufunclike_impl.py
# code object from 'D:\\python\\Lib\\site-packages\\numpy\\lib\\__pycache__\\_ufunclike_impl.cpython-313.pyc'
import 'numpy.lib._ufunclike_impl' # <_frozen_importlib_external.SourceFileLoader object at 0x00000290E23B8830>
import 'numpy.lib._type_check_impl' # <_frozen_importlib_external.SourceFileLoader object at 0x00000290E23B81D0>
import 'numpy.lib._polynomial_impl' # <_frozen_importlib_external.SourceFileLoader object at 0x00000290E2377590>
# D:\python\Lib\site-packages\numpy\lib\__pycache__\_shape_base_impl.cpython-313.pyc matches D:\python\Lib\site-packages\numpy\lib\_shape_base_impl.py
# code object from 'D:\\python\\Lib\\site-packages\\numpy\\lib\\__pycache__\\_shape_base_impl.cpython-313.pyc'
import 'numpy.lib._shape_base_impl' # <_frozen_importlib_external.SourceFileLoader object at 0x00000290E23B8BF0>
# D:\python\Lib\site-packages\numpy\lib\__pycache__\_version.cpython-313.pyc matches D:\python\Lib\site-packages\numpy\lib\_version.py
# code object from 'D:\\python\\Lib\\site-packages\\numpy\\lib\\__pycache__\\_version.cpython-313.pyc'
import 'numpy.lib._version' # <_frozen_importlib_external.SourceFileLoader object at 0x00000290E23B9250>
# D:\python\Lib\site-packages\numpy\lib\__pycache__\introspect.cpython-313.pyc matches D:\python\Lib\site-packages\numpy\lib\introspect.py
# code object from 'D:\\python\\Lib\\site-packages\\numpy\\lib\\__pycache__\\introspect.cpython-313.pyc'
import 'numpy.lib.introspect' # <_frozen_importlib_external.SourceFileLoader object at 0x00000290E23B9490>
# D:\python\Lib\site-packages\numpy\lib\__pycache__\mixins.cpython-313.pyc matches D:\python\Lib\site-packages\numpy\lib\mixins.py
# code object from 'D:\\python\\Lib\\site-packages\\numpy\\lib\\__pycache__\\mixins.cpython-313.pyc'
import 'numpy.lib.mixins' # <_frozen_importlib_external.SourceFileLoader object at 0x00000290E23B9610>
# D:\python\Lib\site-packages\numpy\lib\__pycache__\npyio.cpython-313.pyc matches D:\python\Lib\site-packages\numpy\lib\npyio.py
# code object from 'D:\\python\\Lib\\site-packages\\numpy\\lib\\__pycache__\\npyio.cpython-313.pyc'
import 'numpy.lib.npyio' # <_frozen_importlib_external.SourceFileLoader object at 0x00000290E23B97F0>
# D:\python\Lib\site-packages\numpy\lib\__pycache__\scimath.cpython-313.pyc matches D:\python\Lib\site-packages\numpy\lib\scimath.py
# code object from 'D:\\python\\Lib\\site-packages\\numpy\\lib\\__pycache__\\scimath.cpython-313.pyc'
# D:\python\Lib\site-packages\numpy\lib\__pycache__\_scimath_impl.cpython-313.pyc matches D:\python\Lib\site-packages\numpy\lib\_scimath_impl.py
# code object from 'D:\\python\\Lib\\site-packages\\numpy\\lib\\__pycache__\\_scimath_impl.cpython-313.pyc'
import 'numpy.lib._scimath_impl' # <_frozen_importlib_external.SourceFileLoader object at 0x00000290E23B9A90>
import 'numpy.lib.scimath' # <_frozen_importlib_external.SourceFileLoader object at 0x00000290E23B98B0>
# D:\python\Lib\site-packages\numpy\lib\__pycache__\stride_tricks.cpython-313.pyc matches D:\python\Lib\site-packages\numpy\lib\stride_tricks.py
# code object from 'D:\\python\\Lib\\site-packages\\numpy\\lib\\__pycache__\\stride_tricks.cpython-313.pyc'
import 'numpy.lib.stride_tricks' # <_frozen_importlib_external.SourceFileLoader object at 0x00000290E23B9D30>
import 'numpy.lib' # <_frozen_importlib_external.SourceFileLoader object at 0x00000290B20F2FF0>
# D:\python\Lib\site-packages\numpy\__pycache__\_array_api_info.cpython-313.pyc matches D:\python\Lib\site-packages\numpy\_array_api_info.py
# code object from 'D:\\python\\Lib\\site-packages\\numpy\\__pycache__\\_array_api_info.cpython-313.pyc'
import 'numpy._array_api_info' # <_frozen_importlib_external.SourceFileLoader object at 0x00000290E23B9DF0>
import 'numpy' # <_frozen_importlib_external.SourceFileLoader object at 0x00000290B20F1D30>
# D:\python\Lib\site-packages\dateutil\__pycache__\__init__.cpython-313.pyc matches D:\python\Lib\site-packages\dateutil\__init__.py
# code object from 'D:\\python\\Lib\\site-packages\\dateutil\\__pycache__\\__init__.cpython-313.pyc'
# D:\python\Lib\site-packages\dateutil\__pycache__\_version.cpython-313.pyc matches D:\python\Lib\site-packages\dateutil\_version.py
# code object from 'D:\\python\\Lib\\site-packages\\dateutil\\__pycache__\\_version.cpython-313.pyc'
import 'dateutil._version' # <_frozen_importlib_external.SourceFileLoader object at 0x00000290E23BA090>
import 'dateutil' # <_frozen_importlib_external.SourceFileLoader object at 0x00000290B20F1F70>
# D:\python\Lib\site-packages\pandas\compat\__pycache__\__init__.cpython-313.pyc matches D:\python\Lib\site-packages\pandas\compat\__init__.py
# code object from 'D:\\python\\Lib\\site-packages\\pandas\\compat\\__pycache__\\__init__.cpython-313.pyc'
# D:\python\Lib\site-packages\pandas\compat\__pycache__\_constants.cpython-313.pyc matches D:\python\Lib\site-packages\pandas\compat\_constants.py
# code object from 'D:\\python\\Lib\\site-packages\\pandas\\compat\\__pycache__\\_constants.cpython-313.pyc'
# D:\python\Lib\__pycache__\socket.cpython-313.pyc matches D:\python\Lib\socket.py
# code object from 'D:\\python\\Lib\\__pycache__\\socket.cpython-313.pyc'
# extension module '_socket' loaded from 'D:\\python\\DLLs\\_socket.pyd'
# extension module '_socket' executed from 'D:\\python\\DLLs\\_socket.pyd'
import '_socket' # <_frozen_importlib_external.ExtensionFileLoader object at 0x00000290B20ECC30>
# D:\python\Lib\__pycache__\selectors.cpython-313.pyc matches D:\python\Lib\selectors.py
# code object from 'D:\\python\\Lib\\__pycache__\\selectors.cpython-313.pyc'
# extension module 'select' loaded from 'D:\\python\\DLLs\\select.pyd'
# extension module 'select' executed from 'D:\\python\\DLLs\\select.pyd'
import 'select' # <_frozen_importlib_external.ExtensionFileLoader object at 0x00000290E235F9B0>
import 'selectors' # <_frozen_importlib_external.SourceFileLoader object at 0x00000290E23BAED0>
import 'socket' # <_frozen_importlib_external.SourceFileLoader object at 0x00000290E23BA5D0>
